[2026-03-18T05:14:31.342Z] 🔄 블로그 발행 시작: headless 최종 테스트
[2026-03-18T05:14:37.179Z] ✅ 로그인 확인됨
[2026-03-18T05:14:42.184Z] 📋 임시저장 팝업 없음
[2026-03-18T05:14:45.266Z] 📝 제목 입력 중...
[2026-03-18T05:14:46.931Z] ✅ 제목 입력 완료
[2026-03-18T05:14:47.934Z] 📝 본문 입력 중...
[2026-03-18T05:14:50.400Z] ✅ 본문 입력 완료
[2026-03-18T05:14:51.901Z] 🚀 발행 패널 열기...
[2026-03-18T05:14:54.439Z] 🚀 최종 발행 클릭...
[2026-03-18T05:14:58.463Z] ✅ 발행 완료! URL: https://blog.naver.com/PostView.naver?blogId=iori21y&Redirect=View&logNo=224220907924&categoryNo=3&isAfterWrite=true&isMrblogPost=false&isHappyBeanLeverage=true&contentLength=1901
[2026-03-18T08:00:34.866Z] 🔄 블로그 발행 시작: 테스트 제목
[2026-03-18T08:00:37.485Z] ✅ 로그인 확인됨
[2026-03-18T08:00:42.488Z] 📋 임시저장 팝업 없음
[2026-03-18T08:00:45.562Z] 📝 제목 입력 중...
[2026-03-18T08:00:46.707Z] ✅ 제목 입력 완료
[2026-03-18T08:00:47.710Z] 📝 본문 입력 중...
[2026-03-18T08:00:49.080Z] ✅ 본문 입력 완료
[2026-03-18T08:00:50.582Z] 🚀 발행 패널 열기...
[2026-03-18T08:00:53.108Z] 🏷️ 태그 입력 중...
[2026-03-18T08:00:55.700Z] ✅ 태그 입력 완료
[2026-03-18T08:00:56.701Z] 🚀 최종 발행 클릭...
[2026-03-18T08:01:00.709Z] ✅ 발행 완료! URL: https://blog.naver.com/PostView.naver?blogId=iori21y&Redirect=View&logNo=224221152246&categoryNo=3&isAfterWrite=true&isMrblogPost=false&isHappyBeanLeverage=true&contentLength=1872
[2026-03-18T08:02:51.285Z] 🔄 블로그 발행 시작: 테스트 제목
[2026-03-18T08:02:53.676Z] ✅ 로그인 확인됨
[2026-03-18T08:02:58.678Z] 📋 임시저장 팝업 없음
[2026-03-18T08:03:01.760Z] 📝 제목 입력 중...
[2026-03-18T08:03:02.920Z] ✅ 제목 입력 완료
[2026-03-18T08:03:03.923Z] 📝 본문 입력 중...
[2026-03-18T08:03:05.289Z] ✅ 본문 입력 완료
[2026-03-18T08:03:06.791Z] 🚀 발행 패널 열기...
[2026-03-18T08:03:09.312Z] 🏷️ 태그 입력 중...
[2026-03-18T08:03:11.941Z] ✅ 태그 입력 완료
[2026-03-18T08:03:12.943Z] 🚀 최종 발행 클릭...
[2026-03-18T08:03:16.959Z] ✅ 발행 완료! URL: https://blog.naver.com/PostView.naver?blogId=iori21y&Redirect=View&logNo=224221155158&categoryNo=3&isAfterWrite=true&isMrblogPost=false&isHappyBeanLeverage=true&contentLength=1872
[2026-03-19T15:33:44.194Z] 🔄 블로그 발행 시작: 테스트 제목
[2026-03-19T15:33:46.855Z] ❌ 로그인 세션 만료
[2026-03-19T16:18:37.862Z] 🔄 블로그 발행 시작: 테스트 제목
[2026-03-19T16:18:40.324Z] ❌ 로그인 세션 만료
[2026-03-19T16:20:34.884Z] 🔄 블로그 발행 시작: 테스트 제목
[2026-03-19T16:20:37.315Z] ✅ 로그인 확인됨
[2026-03-19T16:20:42.319Z] 📋 임시저장 팝업 없음
[2026-03-19T16:20:45.391Z] 📝 제목 입력 중...
[2026-03-19T16:20:46.562Z] ✅ 제목 입력 완료
[2026-03-19T16:20:47.565Z] 📝 본문 입력 중...
[2026-03-19T16:20:48.938Z] ✅ 본문 입력 완료
[2026-03-19T16:20:50.440Z] 🚀 발행 패널 열기...
[2026-03-19T16:20:52.977Z] 🏷️ 태그 입력 중...
[2026-03-19T16:20:55.646Z] ✅ 태그 입력 완료
[2026-03-19T16:20:56.647Z] 🚀 최종 발행 클릭...
[2026-03-19T16:21:00.671Z] ✅ 발행 완료! URL: https://blog.naver.com/PostView.naver?blogId=iori21y&Redirect=View&logNo=224222889849&categoryNo=3&isAfterWrite=true&isMrblogPost=false&isHappyBeanLeverage=true&contentLength=1872
[2026-03-19T16:25:32.564Z] 🔄 블로그 발행 시작: 테스트 제목
[2026-03-19T16:25:34.893Z] ✅ 로그인 확인됨
[2026-03-19T16:25:39.897Z] 📋 임시저장 팝업 없음
[2026-03-19T16:25:42.958Z] 📝 제목 입력 중...
[2026-03-19T16:25:44.130Z] ✅ 제목 입력 완료
[2026-03-19T16:25:45.132Z] 📝 본문 입력 중...
[2026-03-19T16:25:46.511Z] ✅ 본문 입력 완료
[2026-03-19T16:25:48.013Z] 🚀 발행 패널 열기...
[2026-03-19T16:25:50.545Z] 🏷️ 태그 입력 중...
[2026-03-19T16:25:53.243Z] ✅ 태그 입력 완료
[2026-03-19T16:25:54.245Z] 🚀 최종 발행 클릭...
[2026-03-19T16:25:58.270Z] ✅ 발행 완료! URL: https://blog.naver.com/PostView.naver?blogId=iori21y&Redirect=View&logNo=224222892494&categoryNo=3&isAfterWrite=true&isMrblogPost=false&isHappyBeanLeverage=true&contentLength=1872
[2026-03-23T04:52:46.881Z] 🔄 블로그 발행 시작: 테스트 제목
[2026-03-23T04:52:49.508Z] ❌ 로그인 세션 만료
